<?xml version="1.0" encoding="UTF-8"?>
<!-- Generated by org.testng.reporters.JUnitReportReporter -->
<testsuite hostname="LAPTOP-4PSA4RQT" failures="0" tests="1" name="beauty.LaunchNykaa_Test" time="19.395" errors="0" timestamp="2024-04-23T07:30:22 IST" skipped="0">
  <testcase classname="beauty.LaunchNykaa_Test" name="Nykaa" time="19.395"/>
  <system-out/>
</testsuite> <!-- beauty.LaunchNykaa_Test -->
