<?xml version="1.0" encoding="UTF-8"?>
<!-- Generated by org.testng.reporters.JUnitReportReporter -->
<testsuite hostname="LAPTOP-4PSA4RQT" failures="0" tests="1" name="food.LaunchSwigy_Test" time="84.306" errors="0" timestamp="2024-04-22T08:02:01 IST" skipped="0">
  <testcase classname="food.LaunchSwigy_Test" name="Swiggy" time="84.306"/>
  <system-out/>
</testsuite> <!-- food.LaunchSwigy_Test -->
