<?xml version="1.0" encoding="UTF-8"?>
<!-- Generated by org.testng.reporters.JUnitReportReporter -->
<testsuite hostname="LAPTOP-4PSA4RQT" failures="0" tests="1" name="food.LaunchZamato_Test" time="44.952" errors="0" timestamp="2024-04-22T08:02:01 IST" skipped="0">
  <testcase classname="food.LaunchZamato_Test" name="Zamato" time="44.952"/>
  <system-out/>
</testsuite> <!-- food.LaunchZamato_Test -->
