<?xml version="1.0" encoding="UTF-8"?>
<!-- Generated by org.testng.reporters.JUnitReportReporter -->
<testsuite hostname="LAPTOP-4PSA4RQT" failures="0" tests="1" name="beauty.LaunchLakme_Test" time="84.252" errors="0" timestamp="2024-04-22T07:52:21 IST" skipped="0">
  <testcase classname="beauty.LaunchLakme_Test" name="Lakme" time="84.252"/>
  <system-out/>
</testsuite> <!-- beauty.LaunchLakme_Test -->
